{"tid":[["code.document",0],["table.table",0]],"msgType":"code_and_table_var_write","info":"req","dataType":"TB_VariableDescriptor","data":{"varName":"IO10_var","varType":3,"dependendVariableNames":["segment_0"],"valueTable":[1,0]}}
{"tid":[["code.document",0],["table.table",0]],"msgType":"code_and_table_var_write","info":"req","dataType":"TB_VariableDescriptor","data":{"varName":"IO11_var","varType":3,"dependendVariableNames":["segment_6"],"valueTable":[1,0]}}
{"tid":[["code.document",0],["table.table",0]],"msgType":"code_and_table_var_write","info":"req","dataType":"TB_VariableDescriptor","data":{"varName":"IO5_var","varType":3,"dependendVariableNames":["segment_5"],"valueTable":[1,0]}}
{"tid":[["code.document",0],["table.table",0]],"msgType":"code_and_table_var_write","info":"req","dataType":"TB_VariableDescriptor","data":{"varName":"IO6_var","varType":3,"dependendVariableNames":["segment_4"],"valueTable":[1,0]}}
{"tid":[["code.document",0],["table.table",0]],"msgType":"code_and_table_var_write","info":"req","dataType":"TB_VariableDescriptor","data":{"varName":"IO7_var","varType":3,"dependendVariableNames":["segment_3"],"valueTable":[1,0]}}
{"tid":[["code.document",0],["table.table",0]],"msgType":"code_and_table_var_write","info":"req","dataType":"TB_VariableDescriptor","data":{"varName":"IO8_var","varType":3,"dependendVariableNames":["segment_2"],"valueTable":[1,0]}}
{"tid":[["code.document",0],["table.table",0]],"msgType":"code_and_table_var_write","info":"req","dataType":"TB_VariableDescriptor","data":{"varName":"IO9_var","varType":3,"dependendVariableNames":["segment_1"],"valueTable":[1,0]}}
{"tid":[["code.document",0],["table.table",0]],"msgType":"code_and_table_var_write","info":"req","dataType":"TB_VariableDescriptor","data":{"varName":"a","varType":2,"dependendVariableNames":["FTDI_RXD_var"],"valueTable":[0,1]}}
{"tid":[["code.document",0],["table.table",0]],"msgType":"code_and_table_var_write","info":"req","dataType":"TB_VariableDescriptor","data":{"varName":"digit_0","varType":2,"dependendVariableNames":["z4","z3","z2","z1","z0"],"valueTable":[0,1,1,0,0,1,1,0,0,1,1,0,0,1,1,0,0,1,1,0,0,0,0,0,0,0,0,0,0,0,0,0]}}
{"tid":[["code.document",0],["table.table",0]],"msgType":"code_and_table_var_write","info":"req","dataType":"TB_VariableDescriptor","data":{"varName":"digit_1","varType":2,"dependendVariableNames":["z4","z2","z1","z0"],"valueTable":[0,0,0,1,1,1,1,0,0,0,0,0,0,0,0,0]}}
{"tid":[["code.document",0],["table.table",0]],"msgType":"code_and_table_var_write","info":"req","dataType":"TB_VariableDescriptor","data":{"varName":"digit_2","varType":2,"dependendVariableNames":["z4","z3","z2","z1","z0"],"valueTable":[0,0,0,0,0,0,0,1,1,1,1,1,1,1,1,0,0,0,0,0,0,0,0,0,0,0,0,0,0,0,0,0]}}
{"tid":[["code.document",0],["table.table",0]],"msgType":"code_and_table_var_write","info":"req","dataType":"TB_VariableDescriptor","data":{"varName":"digit_3","varType":2,"dependendVariableNames":["z4","z3","z2","z1","z0"],"valueTable":[0,0,0,0,0,0,0,0,0,0,0,0,0,0,0,1,1,1,1,0,0,0,0,0,0,0,0,0,0,0,0,0]}}
{"tid":[["code.document",0],["table.table",0]],"msgType":"code_and_table_var_write","info":"req","dataType":"TB_VariableDescriptor","data":{"varName":"segment_0","varType":2,"dependendVariableNames":["x3","x2","x1","x0"],"valueTable":[1,0,1,1,0,1,1,1,1,1,0,0,0,0,0,0]}}
{"tid":[["code.document",0],["table.table",0]],"msgType":"code_and_table_var_write","info":"req","dataType":"TB_VariableDescriptor","data":{"varName":"segment_1","varType":2,"dependendVariableNames":["x3","x2","x1","x0"],"valueTable":[1,1,1,1,1,0,0,1,1,1,0,0,0,0,0,0]}}
{"tid":[["code.document",0],["table.table",0]],"msgType":"code_and_table_var_write","info":"req","dataType":"TB_VariableDescriptor","data":{"varName":"segment_2","varType":2,"dependendVariableNames":["x3","x2","x1","x0"],"valueTable":[1,1,0,1,1,1,1,1,1,1,0,0,0,0,0,0]}}
{"tid":[["code.document",0],["table.table",0]],"msgType":"code_and_table_var_write","info":"req","dataType":"TB_VariableDescriptor","data":{"varName":"segment_3","varType":2,"dependendVariableNames":["x3","x2","x1","x0"],"valueTable":[1,0,1,1,0,1,1,0,1,1,0,0,0,0,0,0]}}
{"tid":[["code.document",0],["table.table",0]],"msgType":"code_and_table_var_write","info":"req","dataType":"TB_VariableDescriptor","data":{"varName":"segment_4","varType":2,"dependendVariableNames":["x3","x2","x1","x0"],"valueTable":[1,0,1,0,0,0,1,0,1,0,0,0,0,0,0,0]}}
{"tid":[["code.document",0],["table.table",0]],"msgType":"code_and_table_var_write","info":"req","dataType":"TB_VariableDescriptor","data":{"varName":"segment_5","varType":2,"dependendVariableNames":["x3","x2","x1","x0"],"valueTable":[1,0,0,0,1,1,1,0,1,1,0,0,0,0,0,0]}}
{"tid":[["code.document",0],["table.table",0]],"msgType":"code_and_table_var_write","info":"req","dataType":"TB_VariableDescriptor","data":{"varName":"segment_6","varType":2,"dependendVariableNames":["x3","x2","x1","x0"],"valueTable":[0,0,1,1,1,1,1,0,1,1,0,0,0,0,0,0]}}
{"tid":[["code.document",0],["table.table",0]],"msgType":"code_and_table_var_write","info":"req","dataType":"TB_VariableDescriptor","data":{"varName":"x0","varType":2,"dependendVariableNames":["digit_0"],"valueTable":[0,1]}}
{"tid":[["code.document",0],["table.table",0]],"msgType":"code_and_table_var_write","info":"req","dataType":"TB_VariableDescriptor","data":{"varName":"x1","varType":2,"dependendVariableNames":["digit_1"],"valueTable":[0,1]}}
{"tid":[["code.document",0],["table.table",0]],"msgType":"code_and_table_var_write","info":"req","dataType":"TB_VariableDescriptor","data":{"varName":"x2","varType":2,"dependendVariableNames":["digit_2"],"valueTable":[0,1]}}
{"tid":[["code.document",0],["table.table",0]],"msgType":"code_and_table_var_write","info":"req","dataType":"TB_VariableDescriptor","data":{"varName":"x3","varType":2,"dependendVariableNames":["digit_3"],"valueTable":[0,1]}}
{"tid":[["code.document",0],["table.table",0]],"msgType":"code_and_table_var_write","info":"req","dataType":"TB_VariableDescriptor","data":{"varName":"z0","varType":2,"dependendVariableNames":["z4","z3","z2","a"],"valueTable":[0,1,0,1,0,1,0,1,0,1,0,0,0,0,0,0]}}
{"tid":[["code.document",0],["table.table",0]],"msgType":"code_and_table_var_write","info":"req","dataType":"TB_VariableDescriptor","data":{"varName":"z1","varType":2,"dependendVariableNames":["z4","z3","z2","z1","z0","a"],"valueTable":[0,0,1,0,1,1,0,1,0,0,1,0,1,1,0,1,0,0,1,0,1,1,0,1,0,0,1,0,1,1,0,1,0,0,1,0,1,1,0,1,0,0,0,0,0,0,0,0,0,0,0,0,0,0,0,0,0,0,0,0,0,0,0,0]}}
{"tid":[["code.document",0],["table.table",0]],"msgType":"code_and_table_var_write","info":"req","dataType":"TB_VariableDescriptor","data":{"varName":"z2","varType":2,"dependendVariableNames":["z4","z2","z1","z0","a"],"valueTable":[0,0,0,0,0,0,1,0,1,1,1,1,1,1,0,1,0,0,0,0,0,0,0,0,0,0,0,0,0,0,0,0]}}
{"tid":[["code.document",0],["table.table",0]],"msgType":"code_and_table_var_write","info":"req","dataType":"TB_VariableDescriptor","data":{"varName":"z3","varType":2,"dependendVariableNames":["z4","z3","z2","z1","z0","a"],"valueTable":[0,0,0,0,0,0,0,0,0,0,0,0,0,0,1,0,1,1,1,1,1,1,1,1,1,1,1,1,1,1,0,1,0,0,0,0,0,0,0,0,0,0,0,0,0,0,0,0,0,0,0,0,0,0,0,0,0,0,0,0,0,0,0,0]}}
{"tid":[["code.document",0],["table.table",0]],"msgType":"code_and_table_var_write","info":"req","dataType":"TB_VariableDescriptor","data":{"varName":"z4","varType":2,"dependendVariableNames":["z4","z3","z2","z1","z0","a"],"valueTable":[0,0,0,0,0,0,0,0,0,0,0,0,0,0,0,0,0,0,0,0,0,0,0,0,0,0,0,0,0,0,1,0,1,1,1,1,1,1,0,1,0,0,0,0,0,0,0,0,0,0,0,0,0,0,0,0,0,0,0,0,0,0,0,0]}}
{"tid":[["code.document",0],["table.table",0]],"msgType":"code_and_table_var_write","info":"req","dataType":"TB_VariableDescriptor","data":{"varName":"FTDI_RXD_var","varType":1,"dependendVariableNames":[],"valueTable":[]}}
{"tid":[["code.document",0],["table.table",0]],"msgType":"code_and_table_var_write","info":"req","dataType":"TB_VariableDescriptor","data":{"varName":"FREQGEN_var","varType":1,"dependendVariableNames":[],"valueTable":[]}}
{"tid":[["code.document",0],["table.table",0]],"msgType":"code_and_table_var_write","info":"req","dataType":"TB_VariableDescriptor","data":{"varName":"BUTTON0_var","varType":1,"dependendVariableNames":[],"valueTable":[]}}
{"tid":[["code.document",0],["table.table",0]],"msgType":"code_and_table_var_write","info":"req","dataType":"TB_VariableDescriptor","data":{"varName":"BUTTON1_var","varType":1,"dependendVariableNames":[],"valueTable":[]}}
{"tid":[["code.document",0],["table.table",0]],"msgType":"code_and_table_var_write","info":"req","dataType":"TB_VariableDescriptor","data":{"varName":"IO10_var","varType":3,"dependendVariableNames":["segment_0"],"valueTable":[1,0]}}
{"tid":[["code.document",0],["table.table",0]],"msgType":"code_and_table_var_write","info":"req","dataType":"TB_VariableDescriptor","data":{"varName":"IO9_var","varType":3,"dependendVariableNames":["segment_1"],"valueTable":[1,0]}}
{"tid":[["code.document",0],["table.table",0]],"msgType":"code_and_table_var_write","info":"req","dataType":"TB_VariableDescriptor","data":{"varName":"IO8_var","varType":3,"dependendVariableNames":["segment_2"],"valueTable":[1,0]}}
{"tid":[["code.document",0],["table.table",0]],"msgType":"code_and_table_var_write","info":"req","dataType":"TB_VariableDescriptor","data":{"varName":"IO7_var","varType":3,"dependendVariableNames":["segment_3"],"valueTable":[1,0]}}
{"tid":[["code.document",0],["table.table",0]],"msgType":"code_and_table_var_write","info":"req","dataType":"TB_VariableDescriptor","data":{"varName":"IO6_var","varType":3,"dependendVariableNames":["segment_4"],"valueTable":[1,0]}}
{"tid":[["code.document",0],["table.table",0]],"msgType":"code_and_table_var_write","info":"req","dataType":"TB_VariableDescriptor","data":{"varName":"IO5_var","varType":3,"dependendVariableNames":["segment_5"],"valueTable":[1,0]}}
{"tid":[["code.document",0],["table.table",0]],"msgType":"code_and_table_var_write","info":"req","dataType":"TB_VariableDescriptor","data":{"varName":"IO11_var","varType":3,"dependendVariableNames":["segment_6"],"valueTable":[1,0]}}
{"tid":[["exportsim.export",0],["table.table",0]],"msgType":"exportsim_query_automata_list","info":"req","dataType":"none","data":{}}
{"tid":[["table",0]],"msgType":"control","dataType":"string","info":"req","data":"shutdown"}
