0 info it worked if it ends with ok
1 verbose cli [ 'C:\\Program Files\\nodejs\\node.exe',
1 verbose cli   'C:\\Program Files\\nodejs\\node_modules\\npm\\bin\\npm-cli.js',
1 verbose cli   'start' ]
2 info using npm@3.10.10
3 info using node@v6.10.3
4 verbose run-script [ 'prestart', 'start', 'poststart' ]
5 info lifecycle beast@1.0.0~prestart: beast@1.0.0
6 silly lifecycle beast@1.0.0~prestart: no script for prestart, continuing
7 info lifecycle beast@1.0.0~start: beast@1.0.0
8 verbose lifecycle beast@1.0.0~start: unsafe-perm in lifecycle true
9 verbose lifecycle beast@1.0.0~start: PATH: C:\Program Files\nodejs\node_modules\npm\bin\node-gyp-bin;C:\xampp\htdocs\BEAST\node_modules\.bin;C:\ProgramData\Oracle\Java\javapath;C:\Program Files (x86)\Common Files\Intel\Shared Files\cpp\bin\Intel64;C:\WINDOWS\system32;C:\WINDOWS;C:\WINDOWS\System32\Wbem;C:\WINDOWS\System32\WindowsPowerShell\v1.0\;C:\Program Files (x86)\Skype\Phone\;C:\Users\rehu7999\.dnx\bin;C:\Program Files\Microsoft DNX\Dnvm\;C:\Program Files\Microsoft SQL Server\120\Tools\Binn\;C:\Program Files\Microsoft SQL Server\130\Tools\Binn\;C:\Program Files\Git\cmd;C:\Program Files\TortoiseSVN\bin;C:\Program Files (x86)\Quartus Lite 17.0\quartus\bin64;C:\Program Files\nodejs\;C:\Users\rehu7999\AppData\Local\Microsoft\WindowsApps;;C:\Users\rehu7999\AppData\Roaming\npm;C:\intelFPGA_lite\17.0\modelsim_ase\win32aloem;C:\intelFPGA_lite\17.0\modelsim_ae\win32aloem
10 verbose lifecycle beast@1.0.0~start: CWD: C:\xampp\htdocs\BEAST
11 silly lifecycle beast@1.0.0~start: Args: [ '/d /s /c', 'webpack --config webpack.config.js' ]
12 silly lifecycle beast@1.0.0~start: Returned: code: 1  signal: null
13 info lifecycle beast@1.0.0~start: Failed to exec start script
14 verbose stack Error: beast@1.0.0 start: `webpack --config webpack.config.js`
14 verbose stack Exit status 1
14 verbose stack     at EventEmitter.<anonymous> (C:\Program Files\nodejs\node_modules\npm\lib\utils\lifecycle.js:255:16)
14 verbose stack     at emitTwo (events.js:106:13)
14 verbose stack     at EventEmitter.emit (events.js:191:7)
14 verbose stack     at ChildProcess.<anonymous> (C:\Program Files\nodejs\node_modules\npm\lib\utils\spawn.js:40:14)
14 verbose stack     at emitTwo (events.js:106:13)
14 verbose stack     at ChildProcess.emit (events.js:191:7)
14 verbose stack     at maybeClose (internal/child_process.js:886:16)
14 verbose stack     at Process.ChildProcess._handle.onexit (internal/child_process.js:226:5)
15 verbose pkgid beast@1.0.0
16 verbose cwd C:\xampp\htdocs\BEAST
17 error Windows_NT 10.0.15063
18 error argv "C:\\Program Files\\nodejs\\node.exe" "C:\\Program Files\\nodejs\\node_modules\\npm\\bin\\npm-cli.js" "start"
19 error node v6.10.3
20 error npm  v3.10.10
21 error code ELIFECYCLE
22 error beast@1.0.0 start: `webpack --config webpack.config.js`
22 error Exit status 1
23 error Failed at the beast@1.0.0 start script 'webpack --config webpack.config.js'.
23 error Make sure you have the latest version of node.js and npm installed.
23 error If you do, this is most likely a problem with the beast package,
23 error not with npm itself.
23 error Tell the author that this fails on your system:
23 error     webpack --config webpack.config.js
23 error You can get information on how to open an issue for this project with:
23 error     npm bugs beast
23 error Or if that isn't available, you can get their info via:
23 error     npm owner ls beast
23 error There is likely additional logging output above.
24 verbose exit [ 1, true ]
